<?xml version="1.0" encoding="UTF-8"?>
<!-- Generated by org.testng.reporters.JUnitXMLReporter -->
<testsuite ignored="0" hostname="DESKTOP-H0B0LJ7" failures="1" tests="1" name="Default test(failed)" time="0.225" errors="0" timestamp="2022-04-11T17:09:59 IST">
  <testcase classname="__Lecture_Assertion.Soft_Assert" name="TC" time="0.038">
    <failure type="java.lang.AssertionError" message="The following asserts failed:
	-Failed1: both results are diff- expected [Hello] but found [Hi],
	-Failed2: actresult is false- expected [true] but found [false]">
      <![CDATA[java.lang.AssertionError: The following asserts failed:
-Failed1: both results are diff- expected [Hello] but found [Hi],
-Failed2: actresult is false- expected [true] but found [false]
at __Lecture_Assertion.Soft_Assert.TC(Soft_Assert.java:24)
at java.base/java.util.ArrayList.forEach(ArrayList.java:1541)
... Removed 29 stack frames]]>
    </failure>
  </testcase> <!-- TC -->
</testsuite> <!-- Default test(failed) -->
